Build started 2014/5/2 18:19:31.
     1>Project "E:\CS586\proj\submit\src_vs\CS586\CS586.vcxproj" on node 2 (build target(s)).
     1>InitializeBuildStatus:
         Creating "Debug\CS586.unsuccessfulbuild" because "AlwaysCreate" was specified.
       ClCompile:
         C:\Program Files (x86)\Microsoft Visual Studio 10.0\VC\bin\CL.exe /c /ZI /nologo /W3 /WX- /Od /Oy- /D WIN32 /D _DEBUG /D _CONSOLE /D _UNICODE /D UNICODE /Gm /EHsc /RTC1 /MDd /GS /fp:precise /Zc:wchar_t /Zc:forScope /Fo"Debug\\" /Fd"Debug\vc100.pdb" /Gd /TP /analyze- /errorReport:prompt ATM.cpp main.cpp MDA_EFSM.cpp OP.cpp Parser.cpp State.cpp
         State.cpp
         Parser.cpp
         OP.cpp
         MDA_EFSM.cpp
     1>e:\cs586\proj\submit\src_vs\cs586\mda_efsm.cpp(25): warning C4154: deletion of an array expression; conversion to pointer supplied
         main.cpp
         ATM.cpp
         Generating Code...
       ManifestResourceCompile:
         C:\Program Files (x86)\Microsoft SDKs\Windows\v7.0A\bin\rc.exe /nologo /fo"Debug\CS586.exe.embed.manifest.res" Debug\CS586_manifest.rc 
       Link:
         C:\Program Files (x86)\Microsoft Visual Studio 10.0\VC\bin\link.exe /ERRORREPORT:PROMPT /OUT:"E:\CS586\proj\submit\src_vs\Debug\CS586.exe" /INCREMENTAL /NOLOGO kernel32.lib user32.lib gdi32.lib winspool.lib comdlg32.lib advapi32.lib shell32.lib ole32.lib oleaut32.lib uuid.lib odbc32.lib odbccp32.lib /MANIFEST /ManifestFile:"Debug\CS586.exe.intermediate.manifest" /MANIFESTUAC:"level='asInvoker' uiAccess='false'" /DEBUG /PDB:"E:\CS586\proj\submit\src_vs\Debug\CS586.pdb" /SUBSYSTEM:CONSOLE /TLBID:1 /DYNAMICBASE /NXCOMPAT /IMPLIB:"E:\CS586\proj\submit\src_vs\Debug\CS586.lib" /MACHINE:X86 Debug\CS586.exe.embed.manifest.res
         Debug\ATM.obj
         Debug\main.obj
         Debug\MDA_EFSM.obj
         Debug\OP.obj
         Debug\Parser.obj
         Debug\State.obj
       Manifest:
         C:\Program Files (x86)\Microsoft SDKs\Windows\v7.0A\bin\mt.exe /nologo /verbose /out:"Debug\CS586.exe.embed.manifest" /manifest Debug\CS586.exe.intermediate.manifest
         All outputs are up-to-date.
       LinkEmbedManifest:
         All outputs are up-to-date.
         CS586.vcxproj -> E:\CS586\proj\submit\src_vs\Debug\CS586.exe
       FinalizeBuildStatus:
         Deleting file "Debug\CS586.unsuccessfulbuild".
         Touching "Debug\CS586.lastbuildstate".
     1>Done Building Project "E:\CS586\proj\submit\src_vs\CS586\CS586.vcxproj" (build target(s)).

Build succeeded.

Time Elapsed 00:00:03.43
